<?xml version="1.0" encoding="UTF-8"?>
<testng-results ignored="0" total="1" passed="1" failed="0" skipped="0">
  <reporter-output>
    <line>
      <![CDATA[login is completed ]]>
    </line>
  </reporter-output>
  <suite started-at="2024-01-19T12:08:01 IST" name="Default suite" finished-at="2024-01-19T12:08:01 IST" duration-ms="71">
    <groups>
    </groups>
    <test started-at="2024-01-19T12:08:01 IST" name="Default test" finished-at="2024-01-19T12:08:01 IST" duration-ms="71">
      <class name="testPackage.login">
        <test-method signature="test()[pri:0, instance:testPackage.login@31fa1761]" started-at="2024-01-19T12:08:01 IST" name="test" finished-at="2024-01-19T12:08:01 IST" duration-ms="10" status="PASS">
          <reporter-output>
            <line>
              <![CDATA[login is completed ]]>
            </line>
          </reporter-output>
        </test-method> <!-- test -->
      </class> <!-- testPackage.login -->
    </test> <!-- Default test -->
  </suite> <!-- Default suite -->
</testng-results>
